<?xml version="1.0" encoding="UTF-8"?>
<coverage generated="1556657732">
  <project timestamp="1556657732">
    <package name="Brontosaurus">
      <file name="/home/pianka/Brontosaurus/src/Config.php">
        <class name="Brontosaurus\Config" namespace="Brontosaurus">
          <metrics complexity="9" methods="4" coveredmethods="4" conditionals="0" coveredconditionals="0" statements="19" coveredstatements="19" elements="23" coveredelements="23"/>
        </class>
        <line num="10" type="method" name="clean" visibility="public" complexity="1" crap="1" count="1"/>
        <line num="11" type="stmt" count="1"/>
        <line num="12" type="stmt" count="1"/>
        <line num="13" type="stmt" count="1"/>
        <line num="15" type="method" name="loadFromFile" visibility="public" complexity="2" crap="2" count="4"/>
        <line num="16" type="stmt" count="4"/>
        <line num="17" type="stmt" count="4"/>
        <line num="18" type="stmt" count="1"/>
        <line num="19" type="stmt" count="1"/>
        <line num="21" type="stmt" count="4"/>
        <line num="23" type="method" name="getProperty" visibility="public" complexity="5" crap="5" count="12"/>
        <line num="24" type="stmt" count="12"/>
        <line num="25" type="stmt" count="2"/>
        <line num="27" type="stmt" count="10"/>
        <line num="28" type="stmt" count="7"/>
        <line num="31" type="stmt" count="3"/>
        <line num="32" type="stmt" count="1"/>
        <line num="35" type="stmt" count="2"/>
        <line num="36" type="stmt" count="1"/>
        <line num="38" type="stmt" count="1"/>
        <line num="41" type="method" name="unloadConfig" visibility="public" complexity="1" crap="1" count="2"/>
        <line num="42" type="stmt" count="2"/>
        <line num="43" type="stmt" count="2"/>
        <metrics loc="45" ncloc="45" classes="1" methods="4" coveredmethods="4" conditionals="0" coveredconditionals="0" statements="19" coveredstatements="19" elements="23" coveredelements="23"/>
      </file>
    </package>
    <package name="Brontosaurus\FormToken">
      <file name="/home/pianka/Brontosaurus/src/FormToken.php">
        <class name="Brontosaurus\FormToken\ValidationCode" namespace="Brontosaurus\FormToken">
          <metrics complexity="0" methods="0" coveredmethods="0" conditionals="0" coveredconditionals="0" statements="0" coveredstatements="0" elements="0" coveredelements="0"/>
        </class>
        <class name="Brontosaurus\FormToken\Validation" namespace="Brontosaurus\FormToken">
          <metrics complexity="9" methods="3" coveredmethods="3" conditionals="0" coveredconditionals="0" statements="6" coveredstatements="6" elements="9" coveredelements="9"/>
        </class>
        <line num="6" type="stmt" count="5"/>
        <line num="7" type="stmt" count="5"/>
        <line num="9" type="stmt" count="5"/>
        <line num="10" type="stmt" count="3"/>
        <line num="13" type="stmt" count="5"/>
        <line num="14" type="stmt" count="5"/>
        <line num="15" type="stmt" count="5"/>
        <line num="19" type="stmt" count="6"/>
        <line num="20" type="stmt" count="1"/>
        <line num="23" type="stmt" count="5"/>
        <line num="24" type="stmt" count="1"/>
        <line num="27" type="stmt" count="5"/>
        <line num="28" type="stmt" count="1"/>
        <line num="31" type="stmt" count="4"/>
        <line num="32" type="stmt" count="2"/>
        <line num="35" type="stmt" count="3"/>
        <line num="50" type="method" name="__construct" complexity="7" crap="7" count="10"/>
        <line num="51" type="stmt" count="10"/>
        <line num="52" type="stmt" count="10"/>
        <line num="53" type="stmt" count="10"/>
        <line num="54" type="stmt" count="6"/>
        <line num="56" type="method" name="isSuccessfull" visibility="public" complexity="1" crap="1" count="6"/>
        <line num="57" type="stmt" count="6"/>
        <line num="60" type="method" name="getCode" visibility="public" complexity="1" crap="1" count="4"/>
        <line num="61" type="stmt" count="4"/>
        <metrics loc="63" ncloc="63" classes="1" methods="3" coveredmethods="3" conditionals="0" coveredconditionals="0" statements="22" coveredstatements="22" elements="25" coveredelements="25"/>
      </file>
    </package>
    <metrics files="2" loc="108" ncloc="108" classes="2" methods="7" coveredmethods="7" conditionals="0" coveredconditionals="0" statements="41" coveredstatements="41" elements="48" coveredelements="48"/>
  </project>
</coverage>
